version https://git-lfs.github.com/spec/v1
oid sha256:8870b9181159a5315220977db882957ecb1b4d18de8339fb53b7d1f304ca9304
size 35361
