version https://git-lfs.github.com/spec/v1
oid sha256:0c3645d9b0e22d1190105abe88e620a16f2498c62c743736b55115b38167d164
size 37082
